
Executing(%install): /bin/sh -e /var/tmp/rpm-tmp.GRfRNg
+ umask 022
+ cd /home/tcrider/fedora-amdgpu-pro-ge/rpm-specs/x86_64/amdamf-pro-runtime
+ '[' /home/tcrider/rpmbuild/BUILDROOT/amdamf-pro-runtime-22.10.2-1.fc36.x86_64 '!=' / ']'
+ rm -rf /home/tcrider/rpmbuild/BUILDROOT/amdamf-pro-runtime-22.10.2-1.fc36.x86_64
++ dirname /home/tcrider/rpmbuild/BUILDROOT/amdamf-pro-runtime-22.10.2-1.fc36.x86_64
+ mkdir -p /home/tcrider/rpmbuild/BUILDROOT
+ mkdir /home/tcrider/rpmbuild/BUILDROOT/amdamf-pro-runtime-22.10.2-1.fc36.x86_64
+ CFLAGS='-O2 -flto=auto -ffat-lto-objects -fexceptions -g -grecord-gcc-switches -pipe -Wall -Werror=format-security -Wp,-D_FORTIFY_SOURCE=2 -Wp,-D_GLIBCXX_ASSERTIONS -specs=/usr/lib/rpm/redhat/redhat-hardened-cc1 -fstack-protector-strong -specs=/usr/lib/rpm/redhat/redhat-annobin-cc1  -m64  -mtune=generic -fasynchronous-unwind-tables -fstack-clash-protection -fcf-protection'
+ export CFLAGS
+ CXXFLAGS='-O2 -flto=auto -ffat-lto-objects -fexceptions -g -grecord-gcc-switches -pipe -Wall -Werror=format-security -Wp,-D_FORTIFY_SOURCE=2 -Wp,-D_GLIBCXX_ASSERTIONS -specs=/usr/lib/rpm/redhat/redhat-hardened-cc1 -fstack-protector-strong -specs=/usr/lib/rpm/redhat/redhat-annobin-cc1  -m64  -mtune=generic -fasynchronous-unwind-tables -fstack-clash-protection -fcf-protection'
+ export CXXFLAGS
+ FFLAGS='-O2 -flto=auto -ffat-lto-objects -fexceptions -g -grecord-gcc-switches -pipe -Wall -Werror=format-security -Wp,-D_FORTIFY_SOURCE=2 -Wp,-D_GLIBCXX_ASSERTIONS -specs=/usr/lib/rpm/redhat/redhat-hardened-cc1 -fstack-protector-strong -specs=/usr/lib/rpm/redhat/redhat-annobin-cc1  -m64  -mtune=generic -fasynchronous-unwind-tables -fstack-clash-protection -fcf-protection -I/usr/lib64/gfortran/modules'
+ export FFLAGS
+ FCFLAGS='-O2 -flto=auto -ffat-lto-objects -fexceptions -g -grecord-gcc-switches -pipe -Wall -Werror=format-security -Wp,-D_FORTIFY_SOURCE=2 -Wp,-D_GLIBCXX_ASSERTIONS -specs=/usr/lib/rpm/redhat/redhat-hardened-cc1 -fstack-protector-strong -specs=/usr/lib/rpm/redhat/redhat-annobin-cc1  -m64  -mtune=generic -fasynchronous-unwind-tables -fstack-clash-protection -fcf-protection -I/usr/lib64/gfortran/modules'
+ export FCFLAGS
+ LDFLAGS='-Wl,-z,relro -Wl,--as-needed  -Wl,-z,now -specs=/usr/lib/rpm/redhat/redhat-hardened-ld -specs=/usr/lib/rpm/redhat/redhat-annobin-cc1  -Wl,--build-id=sha1 -Wl,-dT,/home/tcrider/fedora-amdgpu-pro-ge/rpm-specs/x86_64/amdamf-pro-runtime/.package_note-amdamf-pro-runtime-22.10.2-1.fc36.x86_64.ld'
+ export LDFLAGS
+ LT_SYS_LIBRARY_PATH=/usr/lib64:
+ export LT_SYS_LIBRARY_PATH
+ CC=gcc
+ export CC
+ CXX=g++
+ export CXX
+ tar -xf /home/tcrider/fedora-amdgpu-pro-ge/rpm-specs/x86_64/amdamf-pro-runtime/amdamf-pro-runtime-22.10.2.f36.x86_64.tar.gz
+ mv opt /home/tcrider/rpmbuild/BUILDROOT/amdamf-pro-runtime-22.10.2-1.fc36.x86_64/
+ mv usr /home/tcrider/rpmbuild/BUILDROOT/amdamf-pro-runtime-22.10.2-1.fc36.x86_64/
+ mv etc /home/tcrider/rpmbuild/BUILDROOT/amdamf-pro-runtime-22.10.2-1.fc36.x86_64/
+ /usr/lib/rpm/check-buildroot
+ /usr/lib/rpm/redhat/brp-ldconfig
+ /usr/lib/rpm/brp-compress
+ /usr/lib/rpm/brp-strip /usr/bin/strip
+ /usr/lib/rpm/brp-strip-comment-note /usr/bin/strip /usr/bin/objdump
+ /usr/lib/rpm/redhat/brp-strip-lto /usr/bin/strip
+ /usr/lib/rpm/brp-strip-static-archive /usr/bin/strip
+ /usr/lib/rpm/check-rpaths
+ /usr/lib/rpm/redhat/brp-mangle-shebangs
+ /usr/lib/rpm/brp-remove-la-files
+ /usr/lib/rpm/redhat/brp-python-bytecompile '' 1 0
+ /usr/lib/rpm/redhat/brp-python-hardlink
Processing files: amdamf-pro-runtime-22.10.2-1.fc36.x86_64
warning: Duplicate build-id, stat /home/tcrider/rpmbuild/BUILDROOT/amdamf-pro-runtime-22.10.2-1.fc36.x86_64/usr/lib/.build-id/66/684e7fad996008265d49313badde8e7609c7ef: No such file or directory
warning: Duplicate build-id, stat /home/tcrider/rpmbuild/BUILDROOT/amdamf-pro-runtime-22.10.2-1.fc36.x86_64/usr/lib/.build-id/64/8703809828be73a60bdc89ce14d30b0dbe6ec3: No such file or directory
Provides: amdamf-pro-runtime = 22.10.2-1.fc36 amdamf-pro-runtime(x86-64) = 22.10.2-1.fc36 amf-amdgpu-pro = 0:1.4.24-1411481.el9 amf-amdgpu-pro(x86-64) = 0:1.4.24-1411481.el9 amf-runtime = 22.10.2-1.fc36 amf-runtime(x86-64) = 2.10.2-1.fc36 libamdenc-amdgpu-pro = 0:1.0-1411481.el9 libamdenc-amdgpu-pro(x86-64) = 0:1.0-1411481.el9 libamdenc64.so.1.0()(64bit) libamdenc64.so.1.0()(64bit) libamfrt64.so.1()(64bit) libamfrt64.so.1()(64bit)
Requires(interp): /sbin/ldconfig /sbin/ldconfig
Requires(rpmlib): rpmlib(CompressedFileNames) <= 3.0.4-1 rpmlib(FileDigests) <= 4.6.0-1 rpmlib(PayloadFilesHavePrefix) <= 4.0-1
Requires(post): /sbin/ldconfig /sbin/ldconfig
Requires(postun): /sbin/ldconfig /sbin/ldconfig
Requires: libamdenc64.so.1.0()(64bit) libamfrt64.so.1()(64bit) libc.so.6()(64bit) libc.so.6(GLIBC_2.14)(64bit) libc.so.6(GLIBC_2.17)(64bit) libc.so.6(GLIBC_2.2.5)(64bit) libc.so.6(GLIBC_2.3)(64bit) libc.so.6(GLIBC_2.3.2)(64bit) libc.so.6(GLIBC_2.32)(64bit) libc.so.6(GLIBC_2.33)(64bit) libc.so.6(GLIBC_2.34)(64bit) libc.so.6(GLIBC_2.4)(64bit) libc.so.6(GLIBC_2.7)(64bit) libdrm.so.2()(64bit) libgcc_s.so.1()(64bit) libgcc_s.so.1(GCC_3.0)(64bit) libm.so.6()(64bit) libm.so.6(GLIBC_2.2.5)(64bit) libm.so.6(GLIBC_2.27)(64bit) libm.so.6(GLIBC_2.29)(64bit) libstdc++.so.6()(64bit) libstdc++.so.6(CXXABI_1.3)(64bit) libstdc++.so.6(CXXABI_1.3.9)(64bit) libstdc++.so.6(GLIBCXX_3.4)(64bit) libstdc++.so.6(GLIBCXX_3.4.11)(64bit) libstdc++.so.6(GLIBCXX_3.4.15)(64bit) libstdc++.so.6(GLIBCXX_3.4.17)(64bit) libstdc++.so.6(GLIBCXX_3.4.20)(64bit) libstdc++.so.6(GLIBCXX_3.4.29)(64bit) libstdc++.so.6(GLIBCXX_3.4.9)(64bit) rtld(GNU_HASH)
Recommends: rocm-opencl-runtime
Checking for unpackaged file(s): /usr/lib/rpm/check-files /home/tcrider/rpmbuild/BUILDROOT/amdamf-pro-runtime-22.10.2-1.fc36.x86_64
Wrote: /home/tcrider/fedora-amdgpu-pro-ge/rpm-specs/x86_64/amdamf-pro-runtime/amdamf-pro-runtime-22.10.2-1.fc36.src.rpm
Wrote: /home/tcrider/fedora-amdgpu-pro-ge/rpm-specs/x86_64/amdamf-pro-runtime/x86_64/amdamf-pro-runtime-22.10.2-1.fc36.x86_64.rpm
Executing(%clean): /bin/sh -e /var/tmp/rpm-tmp.8DfrlG
+ umask 022
+ cd /home/tcrider/fedora-amdgpu-pro-ge/rpm-specs/x86_64/amdamf-pro-runtime
+ /usr/bin/rm -rf /home/tcrider/rpmbuild/BUILDROOT/amdamf-pro-runtime-22.10.2-1.fc36.x86_64
+ RPM_EC=0
++ jobs -p
+ exit 0
